[0.219s] DEBUG:colcon:Command line arguments: ['/usr/bin/colcon', 'build', '--packages-select', 'ros_auv_v1_sub_l1_bebot_cpp']
[0.220s] DEBUG:colcon:Parsed command line arguments: Namespace(allow_overriding=[], ament_cmake_args=None, base_paths=['.'], build_base='build', catkin_cmake_args=None, catkin_skip_building_tests=False, cmake_args=None, cmake_clean_cache=False, cmake_clean_first=False, cmake_force_configure=False, cmake_target=None, cmake_target_skip_unavailable=False, continue_on_error=False, event_handlers=None, executor='parallel', ignore_user_meta=False, install_base='install', log_base=None, log_level=None, main=<bound method BuildVerb.main of <colcon_core.verb.build.BuildVerb object at 0x7fbf9d2bd850>>, merge_install=False, metas=['./colcon.meta'], mixin=None, mixin_files=None, mixin_verb=('build',), packages_above=None, packages_above_and_dependencies=None, packages_above_depth=None, packages_end=None, packages_ignore=None, packages_ignore_regex=None, packages_select=['ros_auv_v1_sub_l1_bebot_cpp'], packages_select_build_failed=False, packages_select_by_dep=None, packages_select_regex=None, packages_select_test_failures=False, packages_skip=None, packages_skip_build_finished=False, packages_skip_by_dep=None, packages_skip_regex=None, packages_skip_test_passed=False, packages_skip_up_to=None, packages_start=None, packages_up_to=None, packages_up_to_regex=None, parallel_workers=12, paths=None, symlink_install=False, test_result_base=None, verb_extension=<colcon_core.verb.build.BuildVerb object at 0x7fbf9d2bd850>, verb_name='build', verb_parser=<colcon_mixin.mixin.mixin_argument.MixinArgumentDecorator object at 0x7fbf9d2bde50>)
[0.258s] Level 1:colcon.colcon_core.package_discovery:discover_packages(colcon_meta) check parameters
[0.259s] Level 1:colcon.colcon_core.package_discovery:discover_packages(recursive) check parameters
[0.259s] Level 1:colcon.colcon_core.package_discovery:discover_packages(ignore) check parameters
[0.259s] Level 1:colcon.colcon_core.package_discovery:discover_packages(path) check parameters
[0.259s] Level 1:colcon.colcon_core.package_discovery:discover_packages(colcon_meta) discover
[0.259s] Level 1:colcon.colcon_core.package_discovery:discover_packages(recursive) discover
[0.259s] INFO:colcon.colcon_core.package_discovery:Crawling recursively for packages in '/local/vol00/home/vpetrov/dev/crazyflie_opt/ros_auv_v1_sub_l1_bebot_cpp'
[0.259s] Level 1:colcon.colcon_core.package_identification:_identify(.) by extensions ['ignore', 'ignore_ament_install']
[0.259s] Level 1:colcon.colcon_core.package_identification:_identify(.) by extension 'ignore'
[0.259s] Level 1:colcon.colcon_core.package_identification:_identify(.) by extension 'ignore_ament_install'
[0.259s] Level 1:colcon.colcon_core.package_identification:_identify(.) by extensions ['colcon_pkg']
[0.259s] Level 1:colcon.colcon_core.package_identification:_identify(.) by extension 'colcon_pkg'
[0.259s] Level 1:colcon.colcon_core.package_identification:_identify(.) by extensions ['colcon_meta']
[0.259s] Level 1:colcon.colcon_core.package_identification:_identify(.) by extension 'colcon_meta'
[0.259s] Level 1:colcon.colcon_core.package_identification:_identify(.) by extensions ['ros']
[0.259s] Level 1:colcon.colcon_core.package_identification:_identify(.) by extension 'ros'
[0.272s] DEBUG:colcon.colcon_core.package_identification:Package '.' with type 'ros.ament_cmake' and name 'ros_auv_v1_sub_l1_bebot_cpp'
[0.272s] Level 1:colcon.colcon_core.package_discovery:discover_packages(recursive) using defaults
[0.273s] Level 1:colcon.colcon_core.package_discovery:discover_packages(ignore) discover
[0.273s] Level 1:colcon.colcon_core.package_discovery:discover_packages(ignore) using defaults
[0.273s] Level 1:colcon.colcon_core.package_discovery:discover_packages(path) discover
[0.273s] Level 1:colcon.colcon_core.package_discovery:discover_packages(path) using defaults
[0.288s] Level 1:colcon.colcon_core.package_discovery:discover_packages(prefix_path) check parameters
[0.288s] Level 1:colcon.colcon_core.package_discovery:discover_packages(prefix_path) discover
[0.289s] DEBUG:colcon.colcon_installed_package_information.package_discovery:Found 1 installed packages in /home/vpetrov/dev/crazyflie_opt/ros_auv_v1_sub_l1_bebot_cpp/install
[0.289s] DEBUG:colcon.colcon_installed_package_information.package_discovery:Found 1 installed packages in /home/vpetrov/dev/crazyflie_opt/libbebot_test_ws/install
[0.290s] DEBUG:colcon.colcon_installed_package_information.package_discovery:Found 1 installed packages in /home/vpetrov/dev/crazyflie_opt/test_ws/install
[0.291s] DEBUG:colcon.colcon_installed_package_information.package_discovery:Found 268 installed packages in /opt/ros/foxy
[0.292s] Level 1:colcon.colcon_core.package_discovery:discover_packages(prefix_path) using defaults
[0.334s] Level 5:colcon.colcon_core.verb:set package 'ros_auv_v1_sub_l1_bebot_cpp' build argument 'cmake_args' from command line to 'None'
[0.334s] Level 5:colcon.colcon_core.verb:set package 'ros_auv_v1_sub_l1_bebot_cpp' build argument 'cmake_target' from command line to 'None'
[0.334s] Level 5:colcon.colcon_core.verb:set package 'ros_auv_v1_sub_l1_bebot_cpp' build argument 'cmake_target_skip_unavailable' from command line to 'False'
[0.334s] Level 5:colcon.colcon_core.verb:set package 'ros_auv_v1_sub_l1_bebot_cpp' build argument 'cmake_clean_cache' from command line to 'False'
[0.334s] Level 5:colcon.colcon_core.verb:set package 'ros_auv_v1_sub_l1_bebot_cpp' build argument 'cmake_clean_first' from command line to 'False'
[0.334s] Level 5:colcon.colcon_core.verb:set package 'ros_auv_v1_sub_l1_bebot_cpp' build argument 'cmake_force_configure' from command line to 'False'
[0.334s] Level 5:colcon.colcon_core.verb:set package 'ros_auv_v1_sub_l1_bebot_cpp' build argument 'ament_cmake_args' from command line to 'None'
[0.334s] Level 5:colcon.colcon_core.verb:set package 'ros_auv_v1_sub_l1_bebot_cpp' build argument 'catkin_cmake_args' from command line to 'None'
[0.334s] Level 5:colcon.colcon_core.verb:set package 'ros_auv_v1_sub_l1_bebot_cpp' build argument 'catkin_skip_building_tests' from command line to 'False'
[0.334s] DEBUG:colcon.colcon_core.verb:Building package 'ros_auv_v1_sub_l1_bebot_cpp' with the following arguments: {'ament_cmake_args': None, 'build_base': '/local/vol00/home/vpetrov/dev/crazyflie_opt/ros_auv_v1_sub_l1_bebot_cpp/build/ros_auv_v1_sub_l1_bebot_cpp', 'catkin_cmake_args': None, 'catkin_skip_building_tests': False, 'cmake_args': None, 'cmake_clean_cache': False, 'cmake_clean_first': False, 'cmake_force_configure': False, 'cmake_target': None, 'cmake_target_skip_unavailable': False, 'install_base': '/local/vol00/home/vpetrov/dev/crazyflie_opt/ros_auv_v1_sub_l1_bebot_cpp/install/ros_auv_v1_sub_l1_bebot_cpp', 'merge_install': False, 'path': '/local/vol00/home/vpetrov/dev/crazyflie_opt/ros_auv_v1_sub_l1_bebot_cpp', 'symlink_install': False, 'test_result_base': None}
[0.335s] INFO:colcon.colcon_core.executor:Executing jobs using 'parallel' executor
[0.335s] DEBUG:colcon.colcon_parallel_executor.executor.parallel:run_until_complete
[0.335s] INFO:colcon.colcon_ros.task.ament_cmake.build:Building ROS package in '/local/vol00/home/vpetrov/dev/crazyflie_opt/ros_auv_v1_sub_l1_bebot_cpp' with build type 'ament_cmake'
[0.335s] INFO:colcon.colcon_cmake.task.cmake.build:Building CMake package in '/local/vol00/home/vpetrov/dev/crazyflie_opt/ros_auv_v1_sub_l1_bebot_cpp'
[0.337s] INFO:colcon.colcon_core.plugin_system:Skipping extension 'colcon_core.shell.bat': Not used on non-Windows systems
[0.337s] INFO:colcon.colcon_core.shell:Skip shell extension 'powershell' for command environment: Not usable outside of PowerShell
[0.337s] DEBUG:colcon.colcon_core.shell:Skip shell extension 'dsv' for command environment
[0.347s] DEBUG:colcon.colcon_core.event_handler.log_command:Invoking command in '/local/vol00/home/vpetrov/dev/crazyflie_opt/ros_auv_v1_sub_l1_bebot_cpp/build/ros_auv_v1_sub_l1_bebot_cpp': CMAKE_PREFIX_PATH=/home/vpetrov/dev/crazyflie_opt/ros_auv_v1_sub_l1_bebot_cpp/install/ros_auv_v1_sub_l1_bebot_cpp:/opt/ros/foxy:/home/vpetrov/dev/crazyflie_opt/libbebot_test_ws/install/libbebot_test:/home/vpetrov/dev/crazyflie_opt/test_ws/install/my_ros2_package:/opt/intel/oneapi/mkl/2024.2/lib/cmake: /usr/bin/cmake --build /local/vol00/home/vpetrov/dev/crazyflie_opt/ros_auv_v1_sub_l1_bebot_cpp/build/ros_auv_v1_sub_l1_bebot_cpp -- -j12 -l12
[0.581s] DEBUG:colcon.colcon_core.event_handler.log_command:Invoked command in '/local/vol00/home/vpetrov/dev/crazyflie_opt/ros_auv_v1_sub_l1_bebot_cpp/build/ros_auv_v1_sub_l1_bebot_cpp' returned '0': CMAKE_PREFIX_PATH=/home/vpetrov/dev/crazyflie_opt/ros_auv_v1_sub_l1_bebot_cpp/install/ros_auv_v1_sub_l1_bebot_cpp:/opt/ros/foxy:/home/vpetrov/dev/crazyflie_opt/libbebot_test_ws/install/libbebot_test:/home/vpetrov/dev/crazyflie_opt/test_ws/install/my_ros2_package:/opt/intel/oneapi/mkl/2024.2/lib/cmake: /usr/bin/cmake --build /local/vol00/home/vpetrov/dev/crazyflie_opt/ros_auv_v1_sub_l1_bebot_cpp/build/ros_auv_v1_sub_l1_bebot_cpp -- -j12 -l12
[0.881s] DEBUG:colcon.colcon_core.event_handler.log_command:Invoking command in '/local/vol00/home/vpetrov/dev/crazyflie_opt/ros_auv_v1_sub_l1_bebot_cpp/build/ros_auv_v1_sub_l1_bebot_cpp': CMAKE_PREFIX_PATH=/home/vpetrov/dev/crazyflie_opt/ros_auv_v1_sub_l1_bebot_cpp/install/ros_auv_v1_sub_l1_bebot_cpp:/opt/ros/foxy:/home/vpetrov/dev/crazyflie_opt/libbebot_test_ws/install/libbebot_test:/home/vpetrov/dev/crazyflie_opt/test_ws/install/my_ros2_package:/opt/intel/oneapi/mkl/2024.2/lib/cmake: /usr/bin/cmake --install /local/vol00/home/vpetrov/dev/crazyflie_opt/ros_auv_v1_sub_l1_bebot_cpp/build/ros_auv_v1_sub_l1_bebot_cpp
[0.949s] Level 1:colcon.colcon_core.environment:create_environment_scripts_only(ros_auv_v1_sub_l1_bebot_cpp)
[0.950s] DEBUG:colcon.colcon_core.event_handler.log_command:Invoked command in '/local/vol00/home/vpetrov/dev/crazyflie_opt/ros_auv_v1_sub_l1_bebot_cpp/build/ros_auv_v1_sub_l1_bebot_cpp' returned '0': CMAKE_PREFIX_PATH=/home/vpetrov/dev/crazyflie_opt/ros_auv_v1_sub_l1_bebot_cpp/install/ros_auv_v1_sub_l1_bebot_cpp:/opt/ros/foxy:/home/vpetrov/dev/crazyflie_opt/libbebot_test_ws/install/libbebot_test:/home/vpetrov/dev/crazyflie_opt/test_ws/install/my_ros2_package:/opt/intel/oneapi/mkl/2024.2/lib/cmake: /usr/bin/cmake --install /local/vol00/home/vpetrov/dev/crazyflie_opt/ros_auv_v1_sub_l1_bebot_cpp/build/ros_auv_v1_sub_l1_bebot_cpp
[0.952s] Level 1:colcon.colcon_core.environment:checking '/local/vol00/home/vpetrov/dev/crazyflie_opt/ros_auv_v1_sub_l1_bebot_cpp/install/ros_auv_v1_sub_l1_bebot_cpp' for CMake module files
[0.952s] Level 1:colcon.colcon_core.environment:checking '/local/vol00/home/vpetrov/dev/crazyflie_opt/ros_auv_v1_sub_l1_bebot_cpp/install/ros_auv_v1_sub_l1_bebot_cpp' for CMake config files
[0.953s] Level 1:colcon.colcon_core.shell:create_environment_hook('ros_auv_v1_sub_l1_bebot_cpp', 'cmake_prefix_path')
[0.953s] INFO:colcon.colcon_core.shell:Creating environment hook '/local/vol00/home/vpetrov/dev/crazyflie_opt/ros_auv_v1_sub_l1_bebot_cpp/install/ros_auv_v1_sub_l1_bebot_cpp/share/ros_auv_v1_sub_l1_bebot_cpp/hook/cmake_prefix_path.ps1'
[0.954s] INFO:colcon.colcon_core.shell:Creating environment descriptor '/local/vol00/home/vpetrov/dev/crazyflie_opt/ros_auv_v1_sub_l1_bebot_cpp/install/ros_auv_v1_sub_l1_bebot_cpp/share/ros_auv_v1_sub_l1_bebot_cpp/hook/cmake_prefix_path.dsv'
[0.954s] INFO:colcon.colcon_core.shell:Creating environment hook '/local/vol00/home/vpetrov/dev/crazyflie_opt/ros_auv_v1_sub_l1_bebot_cpp/install/ros_auv_v1_sub_l1_bebot_cpp/share/ros_auv_v1_sub_l1_bebot_cpp/hook/cmake_prefix_path.sh'
[0.955s] Level 1:colcon.colcon_core.environment:checking '/local/vol00/home/vpetrov/dev/crazyflie_opt/ros_auv_v1_sub_l1_bebot_cpp/install/ros_auv_v1_sub_l1_bebot_cpp/lib'
[0.955s] Level 1:colcon.colcon_core.shell:create_environment_hook('ros_auv_v1_sub_l1_bebot_cpp', 'ld_library_path_lib')
[0.955s] INFO:colcon.colcon_core.shell:Creating environment hook '/local/vol00/home/vpetrov/dev/crazyflie_opt/ros_auv_v1_sub_l1_bebot_cpp/install/ros_auv_v1_sub_l1_bebot_cpp/share/ros_auv_v1_sub_l1_bebot_cpp/hook/ld_library_path_lib.ps1'
[0.955s] INFO:colcon.colcon_core.shell:Creating environment descriptor '/local/vol00/home/vpetrov/dev/crazyflie_opt/ros_auv_v1_sub_l1_bebot_cpp/install/ros_auv_v1_sub_l1_bebot_cpp/share/ros_auv_v1_sub_l1_bebot_cpp/hook/ld_library_path_lib.dsv'
[0.956s] INFO:colcon.colcon_core.shell:Creating environment hook '/local/vol00/home/vpetrov/dev/crazyflie_opt/ros_auv_v1_sub_l1_bebot_cpp/install/ros_auv_v1_sub_l1_bebot_cpp/share/ros_auv_v1_sub_l1_bebot_cpp/hook/ld_library_path_lib.sh'
[0.956s] Level 1:colcon.colcon_core.environment:checking '/local/vol00/home/vpetrov/dev/crazyflie_opt/ros_auv_v1_sub_l1_bebot_cpp/install/ros_auv_v1_sub_l1_bebot_cpp/bin'
[0.956s] Level 1:colcon.colcon_core.environment:checking '/local/vol00/home/vpetrov/dev/crazyflie_opt/ros_auv_v1_sub_l1_bebot_cpp/install/ros_auv_v1_sub_l1_bebot_cpp/lib/pkgconfig/ros_auv_v1_sub_l1_bebot_cpp.pc'
[0.956s] Level 1:colcon.colcon_core.environment:checking '/local/vol00/home/vpetrov/dev/crazyflie_opt/ros_auv_v1_sub_l1_bebot_cpp/install/ros_auv_v1_sub_l1_bebot_cpp/lib/python3.8/site-packages'
[0.956s] Level 1:colcon.colcon_core.shell:create_environment_hook('ros_auv_v1_sub_l1_bebot_cpp', 'pythonpath')
[0.956s] INFO:colcon.colcon_core.shell:Creating environment hook '/local/vol00/home/vpetrov/dev/crazyflie_opt/ros_auv_v1_sub_l1_bebot_cpp/install/ros_auv_v1_sub_l1_bebot_cpp/share/ros_auv_v1_sub_l1_bebot_cpp/hook/pythonpath.ps1'
[0.957s] INFO:colcon.colcon_core.shell:Creating environment descriptor '/local/vol00/home/vpetrov/dev/crazyflie_opt/ros_auv_v1_sub_l1_bebot_cpp/install/ros_auv_v1_sub_l1_bebot_cpp/share/ros_auv_v1_sub_l1_bebot_cpp/hook/pythonpath.dsv'
[0.957s] INFO:colcon.colcon_core.shell:Creating environment hook '/local/vol00/home/vpetrov/dev/crazyflie_opt/ros_auv_v1_sub_l1_bebot_cpp/install/ros_auv_v1_sub_l1_bebot_cpp/share/ros_auv_v1_sub_l1_bebot_cpp/hook/pythonpath.sh'
[0.957s] Level 1:colcon.colcon_core.environment:checking '/local/vol00/home/vpetrov/dev/crazyflie_opt/ros_auv_v1_sub_l1_bebot_cpp/install/ros_auv_v1_sub_l1_bebot_cpp/bin'
[0.958s] INFO:colcon.colcon_core.shell:Creating package script '/local/vol00/home/vpetrov/dev/crazyflie_opt/ros_auv_v1_sub_l1_bebot_cpp/install/ros_auv_v1_sub_l1_bebot_cpp/share/ros_auv_v1_sub_l1_bebot_cpp/package.ps1'
[0.958s] INFO:colcon.colcon_core.shell:Creating package descriptor '/local/vol00/home/vpetrov/dev/crazyflie_opt/ros_auv_v1_sub_l1_bebot_cpp/install/ros_auv_v1_sub_l1_bebot_cpp/share/ros_auv_v1_sub_l1_bebot_cpp/package.dsv'
[0.959s] INFO:colcon.colcon_core.shell:Creating package script '/local/vol00/home/vpetrov/dev/crazyflie_opt/ros_auv_v1_sub_l1_bebot_cpp/install/ros_auv_v1_sub_l1_bebot_cpp/share/ros_auv_v1_sub_l1_bebot_cpp/package.sh'
[0.959s] INFO:colcon.colcon_core.shell:Creating package script '/local/vol00/home/vpetrov/dev/crazyflie_opt/ros_auv_v1_sub_l1_bebot_cpp/install/ros_auv_v1_sub_l1_bebot_cpp/share/ros_auv_v1_sub_l1_bebot_cpp/package.bash'
[0.960s] INFO:colcon.colcon_core.shell:Creating package script '/local/vol00/home/vpetrov/dev/crazyflie_opt/ros_auv_v1_sub_l1_bebot_cpp/install/ros_auv_v1_sub_l1_bebot_cpp/share/ros_auv_v1_sub_l1_bebot_cpp/package.zsh'
[0.961s] Level 1:colcon.colcon_core.environment:create_file_with_runtime_dependencies(/local/vol00/home/vpetrov/dev/crazyflie_opt/ros_auv_v1_sub_l1_bebot_cpp/install/ros_auv_v1_sub_l1_bebot_cpp/share/colcon-core/packages/ros_auv_v1_sub_l1_bebot_cpp)
[1.238s] Level 1:colcon.colcon_core.environment:create_environment_scripts_only(ros_auv_v1_sub_l1_bebot_cpp)
[1.239s] Level 1:colcon.colcon_core.environment:checking '/local/vol00/home/vpetrov/dev/crazyflie_opt/ros_auv_v1_sub_l1_bebot_cpp/install/ros_auv_v1_sub_l1_bebot_cpp' for CMake module files
[1.240s] Level 1:colcon.colcon_core.environment:checking '/local/vol00/home/vpetrov/dev/crazyflie_opt/ros_auv_v1_sub_l1_bebot_cpp/install/ros_auv_v1_sub_l1_bebot_cpp' for CMake config files
[1.241s] Level 1:colcon.colcon_core.shell:create_environment_hook('ros_auv_v1_sub_l1_bebot_cpp', 'cmake_prefix_path')
[1.241s] INFO:colcon.colcon_core.shell:Creating environment hook '/local/vol00/home/vpetrov/dev/crazyflie_opt/ros_auv_v1_sub_l1_bebot_cpp/install/ros_auv_v1_sub_l1_bebot_cpp/share/ros_auv_v1_sub_l1_bebot_cpp/hook/cmake_prefix_path.ps1'
[1.242s] INFO:colcon.colcon_core.shell:Creating environment descriptor '/local/vol00/home/vpetrov/dev/crazyflie_opt/ros_auv_v1_sub_l1_bebot_cpp/install/ros_auv_v1_sub_l1_bebot_cpp/share/ros_auv_v1_sub_l1_bebot_cpp/hook/cmake_prefix_path.dsv'
[1.242s] INFO:colcon.colcon_core.shell:Creating environment hook '/local/vol00/home/vpetrov/dev/crazyflie_opt/ros_auv_v1_sub_l1_bebot_cpp/install/ros_auv_v1_sub_l1_bebot_cpp/share/ros_auv_v1_sub_l1_bebot_cpp/hook/cmake_prefix_path.sh'
[1.243s] Level 1:colcon.colcon_core.environment:checking '/local/vol00/home/vpetrov/dev/crazyflie_opt/ros_auv_v1_sub_l1_bebot_cpp/install/ros_auv_v1_sub_l1_bebot_cpp/lib'
[1.243s] Level 1:colcon.colcon_core.shell:create_environment_hook('ros_auv_v1_sub_l1_bebot_cpp', 'ld_library_path_lib')
[1.243s] INFO:colcon.colcon_core.shell:Creating environment hook '/local/vol00/home/vpetrov/dev/crazyflie_opt/ros_auv_v1_sub_l1_bebot_cpp/install/ros_auv_v1_sub_l1_bebot_cpp/share/ros_auv_v1_sub_l1_bebot_cpp/hook/ld_library_path_lib.ps1'
[1.244s] INFO:colcon.colcon_core.shell:Creating environment descriptor '/local/vol00/home/vpetrov/dev/crazyflie_opt/ros_auv_v1_sub_l1_bebot_cpp/install/ros_auv_v1_sub_l1_bebot_cpp/share/ros_auv_v1_sub_l1_bebot_cpp/hook/ld_library_path_lib.dsv'
[1.244s] INFO:colcon.colcon_core.shell:Creating environment hook '/local/vol00/home/vpetrov/dev/crazyflie_opt/ros_auv_v1_sub_l1_bebot_cpp/install/ros_auv_v1_sub_l1_bebot_cpp/share/ros_auv_v1_sub_l1_bebot_cpp/hook/ld_library_path_lib.sh'
[1.244s] Level 1:colcon.colcon_core.environment:checking '/local/vol00/home/vpetrov/dev/crazyflie_opt/ros_auv_v1_sub_l1_bebot_cpp/install/ros_auv_v1_sub_l1_bebot_cpp/bin'
[1.244s] Level 1:colcon.colcon_core.environment:checking '/local/vol00/home/vpetrov/dev/crazyflie_opt/ros_auv_v1_sub_l1_bebot_cpp/install/ros_auv_v1_sub_l1_bebot_cpp/lib/pkgconfig/ros_auv_v1_sub_l1_bebot_cpp.pc'
[1.245s] Level 1:colcon.colcon_core.environment:checking '/local/vol00/home/vpetrov/dev/crazyflie_opt/ros_auv_v1_sub_l1_bebot_cpp/install/ros_auv_v1_sub_l1_bebot_cpp/lib/python3.8/site-packages'
[1.245s] Level 1:colcon.colcon_core.shell:create_environment_hook('ros_auv_v1_sub_l1_bebot_cpp', 'pythonpath')
[1.245s] INFO:colcon.colcon_core.shell:Creating environment hook '/local/vol00/home/vpetrov/dev/crazyflie_opt/ros_auv_v1_sub_l1_bebot_cpp/install/ros_auv_v1_sub_l1_bebot_cpp/share/ros_auv_v1_sub_l1_bebot_cpp/hook/pythonpath.ps1'
[1.245s] INFO:colcon.colcon_core.shell:Creating environment descriptor '/local/vol00/home/vpetrov/dev/crazyflie_opt/ros_auv_v1_sub_l1_bebot_cpp/install/ros_auv_v1_sub_l1_bebot_cpp/share/ros_auv_v1_sub_l1_bebot_cpp/hook/pythonpath.dsv'
[1.257s] INFO:colcon.colcon_core.shell:Creating environment hook '/local/vol00/home/vpetrov/dev/crazyflie_opt/ros_auv_v1_sub_l1_bebot_cpp/install/ros_auv_v1_sub_l1_bebot_cpp/share/ros_auv_v1_sub_l1_bebot_cpp/hook/pythonpath.sh'
[1.258s] Level 1:colcon.colcon_core.environment:checking '/local/vol00/home/vpetrov/dev/crazyflie_opt/ros_auv_v1_sub_l1_bebot_cpp/install/ros_auv_v1_sub_l1_bebot_cpp/bin'
[1.258s] INFO:colcon.colcon_core.shell:Creating package script '/local/vol00/home/vpetrov/dev/crazyflie_opt/ros_auv_v1_sub_l1_bebot_cpp/install/ros_auv_v1_sub_l1_bebot_cpp/share/ros_auv_v1_sub_l1_bebot_cpp/package.ps1'
[1.259s] INFO:colcon.colcon_core.shell:Creating package descriptor '/local/vol00/home/vpetrov/dev/crazyflie_opt/ros_auv_v1_sub_l1_bebot_cpp/install/ros_auv_v1_sub_l1_bebot_cpp/share/ros_auv_v1_sub_l1_bebot_cpp/package.dsv'
[1.260s] INFO:colcon.colcon_core.shell:Creating package script '/local/vol00/home/vpetrov/dev/crazyflie_opt/ros_auv_v1_sub_l1_bebot_cpp/install/ros_auv_v1_sub_l1_bebot_cpp/share/ros_auv_v1_sub_l1_bebot_cpp/package.sh'
[1.260s] INFO:colcon.colcon_core.shell:Creating package script '/local/vol00/home/vpetrov/dev/crazyflie_opt/ros_auv_v1_sub_l1_bebot_cpp/install/ros_auv_v1_sub_l1_bebot_cpp/share/ros_auv_v1_sub_l1_bebot_cpp/package.bash'
[1.260s] INFO:colcon.colcon_core.shell:Creating package script '/local/vol00/home/vpetrov/dev/crazyflie_opt/ros_auv_v1_sub_l1_bebot_cpp/install/ros_auv_v1_sub_l1_bebot_cpp/share/ros_auv_v1_sub_l1_bebot_cpp/package.zsh'
[1.261s] Level 1:colcon.colcon_core.environment:create_file_with_runtime_dependencies(/local/vol00/home/vpetrov/dev/crazyflie_opt/ros_auv_v1_sub_l1_bebot_cpp/install/ros_auv_v1_sub_l1_bebot_cpp/share/colcon-core/packages/ros_auv_v1_sub_l1_bebot_cpp)
[1.261s] DEBUG:colcon.colcon_parallel_executor.executor.parallel:closing loop
[1.262s] DEBUG:colcon.colcon_parallel_executor.executor.parallel:loop closed
[1.262s] DEBUG:colcon.colcon_parallel_executor.executor.parallel:run_until_complete finished with '0'
[1.262s] DEBUG:colcon.colcon_core.event_reactor:joining thread
[1.268s] INFO:colcon.colcon_core.plugin_system:Skipping extension 'colcon_notification.desktop_notification.terminal_notifier': Not used on non-Darwin systems
[1.268s] INFO:colcon.colcon_core.plugin_system:Skipping extension 'colcon_notification.desktop_notification.win32': Not used on non-Windows systems
[1.268s] INFO:colcon.colcon_notification.desktop_notification:Sending desktop notification using 'notify2'
[1.287s] DEBUG:colcon.colcon_core.event_reactor:joined thread
[1.287s] INFO:colcon.colcon_core.shell:Creating prefix script '/local/vol00/home/vpetrov/dev/crazyflie_opt/ros_auv_v1_sub_l1_bebot_cpp/install/local_setup.ps1'
[1.288s] INFO:colcon.colcon_core.shell:Creating prefix util module '/local/vol00/home/vpetrov/dev/crazyflie_opt/ros_auv_v1_sub_l1_bebot_cpp/install/_local_setup_util_ps1.py'
[1.289s] INFO:colcon.colcon_core.shell:Creating prefix chain script '/local/vol00/home/vpetrov/dev/crazyflie_opt/ros_auv_v1_sub_l1_bebot_cpp/install/setup.ps1'
[1.290s] INFO:colcon.colcon_core.shell:Creating prefix script '/local/vol00/home/vpetrov/dev/crazyflie_opt/ros_auv_v1_sub_l1_bebot_cpp/install/local_setup.sh'
[1.291s] INFO:colcon.colcon_core.shell:Creating prefix util module '/local/vol00/home/vpetrov/dev/crazyflie_opt/ros_auv_v1_sub_l1_bebot_cpp/install/_local_setup_util_sh.py'
[1.291s] INFO:colcon.colcon_core.shell:Creating prefix chain script '/local/vol00/home/vpetrov/dev/crazyflie_opt/ros_auv_v1_sub_l1_bebot_cpp/install/setup.sh'
[1.292s] INFO:colcon.colcon_core.shell:Creating prefix script '/local/vol00/home/vpetrov/dev/crazyflie_opt/ros_auv_v1_sub_l1_bebot_cpp/install/local_setup.bash'
[1.292s] INFO:colcon.colcon_core.shell:Creating prefix chain script '/local/vol00/home/vpetrov/dev/crazyflie_opt/ros_auv_v1_sub_l1_bebot_cpp/install/setup.bash'
[1.293s] INFO:colcon.colcon_core.shell:Creating prefix script '/local/vol00/home/vpetrov/dev/crazyflie_opt/ros_auv_v1_sub_l1_bebot_cpp/install/local_setup.zsh'
[1.293s] INFO:colcon.colcon_core.shell:Creating prefix chain script '/local/vol00/home/vpetrov/dev/crazyflie_opt/ros_auv_v1_sub_l1_bebot_cpp/install/setup.zsh'
