[1.261s] DEBUG:colcon:Command line arguments: ['/usr/bin/colcon', 'build', '--packages-select', 'ros_auv_v1_sub_l1_bebot_cpp']
[1.261s] DEBUG:colcon:Parsed command line arguments: Namespace(allow_overriding=[], ament_cmake_args=None, base_paths=['.'], build_base='build', catkin_cmake_args=None, catkin_skip_building_tests=False, cmake_args=None, cmake_clean_cache=False, cmake_clean_first=False, cmake_force_configure=False, cmake_target=None, cmake_target_skip_unavailable=False, continue_on_error=False, event_handlers=None, executor='parallel', ignore_user_meta=False, install_base='install', log_base=None, log_level=None, main=<bound method BuildVerb.main of <colcon_core.verb.build.BuildVerb object at 0x7f5409e457f0>>, merge_install=False, metas=['./colcon.meta'], mixin=None, mixin_files=None, mixin_verb=('build',), packages_above=None, packages_above_and_dependencies=None, packages_above_depth=None, packages_end=None, packages_ignore=None, packages_ignore_regex=None, packages_select=['ros_auv_v1_sub_l1_bebot_cpp'], packages_select_build_failed=False, packages_select_by_dep=None, packages_select_regex=None, packages_select_test_failures=False, packages_skip=None, packages_skip_build_finished=False, packages_skip_by_dep=None, packages_skip_regex=None, packages_skip_test_passed=False, packages_skip_up_to=None, packages_start=None, packages_up_to=None, packages_up_to_regex=None, parallel_workers=12, paths=None, symlink_install=False, test_result_base=None, verb_extension=<colcon_core.verb.build.BuildVerb object at 0x7f5409e457f0>, verb_name='build', verb_parser=<colcon_mixin.mixin.mixin_argument.MixinArgumentDecorator object at 0x7f5409e45df0>)
[1.785s] Level 1:colcon.colcon_core.package_discovery:discover_packages(colcon_meta) check parameters
[1.786s] Level 1:colcon.colcon_core.package_discovery:discover_packages(recursive) check parameters
[1.786s] Level 1:colcon.colcon_core.package_discovery:discover_packages(ignore) check parameters
[1.786s] Level 1:colcon.colcon_core.package_discovery:discover_packages(path) check parameters
[1.786s] Level 1:colcon.colcon_core.package_discovery:discover_packages(colcon_meta) discover
[1.787s] Level 1:colcon.colcon_core.package_discovery:discover_packages(recursive) discover
[1.787s] INFO:colcon.colcon_core.package_discovery:Crawling recursively for packages in '/local/vol00/home/vpetrov/dev/crazyflie_opt/ros_auv_v1_sub_l1_bebot_cpp'
[1.787s] Level 1:colcon.colcon_core.package_identification:_identify(.) by extensions ['ignore', 'ignore_ament_install']
[1.788s] Level 1:colcon.colcon_core.package_identification:_identify(.) by extension 'ignore'
[1.788s] Level 1:colcon.colcon_core.package_identification:_identify(.) by extension 'ignore_ament_install'
[1.788s] Level 1:colcon.colcon_core.package_identification:_identify(.) by extensions ['colcon_pkg']
[1.788s] Level 1:colcon.colcon_core.package_identification:_identify(.) by extension 'colcon_pkg'
[1.788s] Level 1:colcon.colcon_core.package_identification:_identify(.) by extensions ['colcon_meta']
[1.789s] Level 1:colcon.colcon_core.package_identification:_identify(.) by extension 'colcon_meta'
[1.789s] Level 1:colcon.colcon_core.package_identification:_identify(.) by extensions ['ros']
[1.789s] Level 1:colcon.colcon_core.package_identification:_identify(.) by extension 'ros'
[1.824s] DEBUG:colcon.colcon_core.package_identification:Package '.' with type 'ros.ament_cmake' and name 'ros_auv_v1_sub_l1_bebot_cpp'
[1.824s] Level 1:colcon.colcon_core.package_discovery:discover_packages(recursive) using defaults
[1.824s] Level 1:colcon.colcon_core.package_discovery:discover_packages(ignore) discover
[1.824s] Level 1:colcon.colcon_core.package_discovery:discover_packages(ignore) using defaults
[1.824s] Level 1:colcon.colcon_core.package_discovery:discover_packages(path) discover
[1.824s] Level 1:colcon.colcon_core.package_discovery:discover_packages(path) using defaults
[1.844s] Level 1:colcon.colcon_core.package_discovery:discover_packages(prefix_path) check parameters
[1.844s] Level 1:colcon.colcon_core.package_discovery:discover_packages(prefix_path) discover
[1.845s] WARNING:colcon.colcon_ros.prefix_path.ament:The path '/home/vpetrov/dev/crazyflie_opt/ros_auv_v1_sub_l1_bebot_cpp/install/ros_auv_v1_sub_l1_bebot_cpp' in the environment variable AMENT_PREFIX_PATH doesn't exist
[1.851s] WARNING:colcon.colcon_ros.prefix_path.catkin:The path '/home/vpetrov/dev/crazyflie_opt/ros_auv_v1_sub_l1_bebot_cpp/install/ros_auv_v1_sub_l1_bebot_cpp' in the environment variable CMAKE_PREFIX_PATH doesn't exist
[1.858s] DEBUG:colcon.colcon_installed_package_information.package_discovery:Found 0 installed packages in /home/vpetrov/dev/crazyflie_opt/ros_auv_v1_sub_l1_bebot_cpp/install
[1.859s] DEBUG:colcon.colcon_installed_package_information.package_discovery:Found 1 installed packages in /home/vpetrov/dev/crazyflie_opt/libbebot_test_ws/install
[1.860s] DEBUG:colcon.colcon_installed_package_information.package_discovery:Found 1 installed packages in /home/vpetrov/dev/crazyflie_opt/test_ws/install
[1.864s] DEBUG:colcon.colcon_installed_package_information.package_discovery:Found 268 installed packages in /opt/ros/foxy
[1.867s] Level 1:colcon.colcon_core.package_discovery:discover_packages(prefix_path) using defaults
[1.952s] Level 5:colcon.colcon_core.verb:set package 'ros_auv_v1_sub_l1_bebot_cpp' build argument 'cmake_args' from command line to 'None'
[1.952s] Level 5:colcon.colcon_core.verb:set package 'ros_auv_v1_sub_l1_bebot_cpp' build argument 'cmake_target' from command line to 'None'
[1.952s] Level 5:colcon.colcon_core.verb:set package 'ros_auv_v1_sub_l1_bebot_cpp' build argument 'cmake_target_skip_unavailable' from command line to 'False'
[1.952s] Level 5:colcon.colcon_core.verb:set package 'ros_auv_v1_sub_l1_bebot_cpp' build argument 'cmake_clean_cache' from command line to 'False'
[1.952s] Level 5:colcon.colcon_core.verb:set package 'ros_auv_v1_sub_l1_bebot_cpp' build argument 'cmake_clean_first' from command line to 'False'
[1.952s] Level 5:colcon.colcon_core.verb:set package 'ros_auv_v1_sub_l1_bebot_cpp' build argument 'cmake_force_configure' from command line to 'False'
[1.952s] Level 5:colcon.colcon_core.verb:set package 'ros_auv_v1_sub_l1_bebot_cpp' build argument 'ament_cmake_args' from command line to 'None'
[1.952s] Level 5:colcon.colcon_core.verb:set package 'ros_auv_v1_sub_l1_bebot_cpp' build argument 'catkin_cmake_args' from command line to 'None'
[1.952s] Level 5:colcon.colcon_core.verb:set package 'ros_auv_v1_sub_l1_bebot_cpp' build argument 'catkin_skip_building_tests' from command line to 'False'
[1.952s] DEBUG:colcon.colcon_core.verb:Building package 'ros_auv_v1_sub_l1_bebot_cpp' with the following arguments: {'ament_cmake_args': None, 'build_base': '/local/vol00/home/vpetrov/dev/crazyflie_opt/ros_auv_v1_sub_l1_bebot_cpp/build/ros_auv_v1_sub_l1_bebot_cpp', 'catkin_cmake_args': None, 'catkin_skip_building_tests': False, 'cmake_args': None, 'cmake_clean_cache': False, 'cmake_clean_first': False, 'cmake_force_configure': False, 'cmake_target': None, 'cmake_target_skip_unavailable': False, 'install_base': '/local/vol00/home/vpetrov/dev/crazyflie_opt/ros_auv_v1_sub_l1_bebot_cpp/install/ros_auv_v1_sub_l1_bebot_cpp', 'merge_install': False, 'path': '/local/vol00/home/vpetrov/dev/crazyflie_opt/ros_auv_v1_sub_l1_bebot_cpp', 'symlink_install': False, 'test_result_base': None}
[1.952s] INFO:colcon.colcon_core.executor:Executing jobs using 'parallel' executor
[1.953s] DEBUG:colcon.colcon_parallel_executor.executor.parallel:run_until_complete
[1.953s] INFO:colcon.colcon_ros.task.ament_cmake.build:Building ROS package in '/local/vol00/home/vpetrov/dev/crazyflie_opt/ros_auv_v1_sub_l1_bebot_cpp' with build type 'ament_cmake'
[1.953s] INFO:colcon.colcon_cmake.task.cmake.build:Building CMake package in '/local/vol00/home/vpetrov/dev/crazyflie_opt/ros_auv_v1_sub_l1_bebot_cpp'
[1.957s] INFO:colcon.colcon_core.plugin_system:Skipping extension 'colcon_core.shell.bat': Not used on non-Windows systems
[1.957s] INFO:colcon.colcon_core.shell:Skip shell extension 'powershell' for command environment: Not usable outside of PowerShell
[1.957s] DEBUG:colcon.colcon_core.shell:Skip shell extension 'dsv' for command environment
[1.965s] DEBUG:colcon.colcon_core.event_handler.log_command:Invoking command in '/local/vol00/home/vpetrov/dev/crazyflie_opt/ros_auv_v1_sub_l1_bebot_cpp/build/ros_auv_v1_sub_l1_bebot_cpp': CMAKE_PREFIX_PATH=/home/vpetrov/dev/crazyflie_opt/ros_auv_v1_sub_l1_bebot_cpp/install/ros_auv_v1_sub_l1_bebot_cpp:/opt/ros/foxy:/home/vpetrov/dev/crazyflie_opt/libbebot_test_ws/install/libbebot_test:/home/vpetrov/dev/crazyflie_opt/test_ws/install/my_ros2_package:/opt/intel/oneapi/mkl/2024.2/lib/cmake: /usr/bin/cmake /local/vol00/home/vpetrov/dev/crazyflie_opt/ros_auv_v1_sub_l1_bebot_cpp -DCMAKE_INSTALL_PREFIX=/local/vol00/home/vpetrov/dev/crazyflie_opt/ros_auv_v1_sub_l1_bebot_cpp/install/ros_auv_v1_sub_l1_bebot_cpp
[4.538s] DEBUG:colcon.colcon_core.event_handler.log_command:Invoked command in '/local/vol00/home/vpetrov/dev/crazyflie_opt/ros_auv_v1_sub_l1_bebot_cpp/build/ros_auv_v1_sub_l1_bebot_cpp' returned '0': CMAKE_PREFIX_PATH=/home/vpetrov/dev/crazyflie_opt/ros_auv_v1_sub_l1_bebot_cpp/install/ros_auv_v1_sub_l1_bebot_cpp:/opt/ros/foxy:/home/vpetrov/dev/crazyflie_opt/libbebot_test_ws/install/libbebot_test:/home/vpetrov/dev/crazyflie_opt/test_ws/install/my_ros2_package:/opt/intel/oneapi/mkl/2024.2/lib/cmake: /usr/bin/cmake /local/vol00/home/vpetrov/dev/crazyflie_opt/ros_auv_v1_sub_l1_bebot_cpp -DCMAKE_INSTALL_PREFIX=/local/vol00/home/vpetrov/dev/crazyflie_opt/ros_auv_v1_sub_l1_bebot_cpp/install/ros_auv_v1_sub_l1_bebot_cpp
[4.540s] DEBUG:colcon.colcon_core.event_handler.log_command:Invoking command in '/local/vol00/home/vpetrov/dev/crazyflie_opt/ros_auv_v1_sub_l1_bebot_cpp/build/ros_auv_v1_sub_l1_bebot_cpp': CMAKE_PREFIX_PATH=/home/vpetrov/dev/crazyflie_opt/ros_auv_v1_sub_l1_bebot_cpp/install/ros_auv_v1_sub_l1_bebot_cpp:/opt/ros/foxy:/home/vpetrov/dev/crazyflie_opt/libbebot_test_ws/install/libbebot_test:/home/vpetrov/dev/crazyflie_opt/test_ws/install/my_ros2_package:/opt/intel/oneapi/mkl/2024.2/lib/cmake: /usr/bin/cmake --build /local/vol00/home/vpetrov/dev/crazyflie_opt/ros_auv_v1_sub_l1_bebot_cpp/build/ros_auv_v1_sub_l1_bebot_cpp -- -j12 -l12
[8.695s] DEBUG:colcon.colcon_core.event_handler.log_command:Invoked command in '/local/vol00/home/vpetrov/dev/crazyflie_opt/ros_auv_v1_sub_l1_bebot_cpp/build/ros_auv_v1_sub_l1_bebot_cpp' returned '0': CMAKE_PREFIX_PATH=/home/vpetrov/dev/crazyflie_opt/ros_auv_v1_sub_l1_bebot_cpp/install/ros_auv_v1_sub_l1_bebot_cpp:/opt/ros/foxy:/home/vpetrov/dev/crazyflie_opt/libbebot_test_ws/install/libbebot_test:/home/vpetrov/dev/crazyflie_opt/test_ws/install/my_ros2_package:/opt/intel/oneapi/mkl/2024.2/lib/cmake: /usr/bin/cmake --build /local/vol00/home/vpetrov/dev/crazyflie_opt/ros_auv_v1_sub_l1_bebot_cpp/build/ros_auv_v1_sub_l1_bebot_cpp -- -j12 -l12
[8.929s] DEBUG:colcon.colcon_core.event_handler.log_command:Invoking command in '/local/vol00/home/vpetrov/dev/crazyflie_opt/ros_auv_v1_sub_l1_bebot_cpp/build/ros_auv_v1_sub_l1_bebot_cpp': CMAKE_PREFIX_PATH=/home/vpetrov/dev/crazyflie_opt/ros_auv_v1_sub_l1_bebot_cpp/install/ros_auv_v1_sub_l1_bebot_cpp:/opt/ros/foxy:/home/vpetrov/dev/crazyflie_opt/libbebot_test_ws/install/libbebot_test:/home/vpetrov/dev/crazyflie_opt/test_ws/install/my_ros2_package:/opt/intel/oneapi/mkl/2024.2/lib/cmake: /usr/bin/cmake --install /local/vol00/home/vpetrov/dev/crazyflie_opt/ros_auv_v1_sub_l1_bebot_cpp/build/ros_auv_v1_sub_l1_bebot_cpp
[9.090s] Level 1:colcon.colcon_core.environment:create_environment_scripts_only(ros_auv_v1_sub_l1_bebot_cpp)
[9.091s] DEBUG:colcon.colcon_core.event_handler.log_command:Invoked command in '/local/vol00/home/vpetrov/dev/crazyflie_opt/ros_auv_v1_sub_l1_bebot_cpp/build/ros_auv_v1_sub_l1_bebot_cpp' returned '0': CMAKE_PREFIX_PATH=/home/vpetrov/dev/crazyflie_opt/ros_auv_v1_sub_l1_bebot_cpp/install/ros_auv_v1_sub_l1_bebot_cpp:/opt/ros/foxy:/home/vpetrov/dev/crazyflie_opt/libbebot_test_ws/install/libbebot_test:/home/vpetrov/dev/crazyflie_opt/test_ws/install/my_ros2_package:/opt/intel/oneapi/mkl/2024.2/lib/cmake: /usr/bin/cmake --install /local/vol00/home/vpetrov/dev/crazyflie_opt/ros_auv_v1_sub_l1_bebot_cpp/build/ros_auv_v1_sub_l1_bebot_cpp
[9.098s] Level 1:colcon.colcon_core.environment:checking '/local/vol00/home/vpetrov/dev/crazyflie_opt/ros_auv_v1_sub_l1_bebot_cpp/install/ros_auv_v1_sub_l1_bebot_cpp' for CMake module files
[9.099s] Level 1:colcon.colcon_core.environment:checking '/local/vol00/home/vpetrov/dev/crazyflie_opt/ros_auv_v1_sub_l1_bebot_cpp/install/ros_auv_v1_sub_l1_bebot_cpp' for CMake config files
[9.099s] Level 1:colcon.colcon_core.shell:create_environment_hook('ros_auv_v1_sub_l1_bebot_cpp', 'cmake_prefix_path')
[9.100s] INFO:colcon.colcon_core.shell:Creating environment hook '/local/vol00/home/vpetrov/dev/crazyflie_opt/ros_auv_v1_sub_l1_bebot_cpp/install/ros_auv_v1_sub_l1_bebot_cpp/share/ros_auv_v1_sub_l1_bebot_cpp/hook/cmake_prefix_path.ps1'
[9.101s] INFO:colcon.colcon_core.shell:Creating environment descriptor '/local/vol00/home/vpetrov/dev/crazyflie_opt/ros_auv_v1_sub_l1_bebot_cpp/install/ros_auv_v1_sub_l1_bebot_cpp/share/ros_auv_v1_sub_l1_bebot_cpp/hook/cmake_prefix_path.dsv'
[9.101s] INFO:colcon.colcon_core.shell:Creating environment hook '/local/vol00/home/vpetrov/dev/crazyflie_opt/ros_auv_v1_sub_l1_bebot_cpp/install/ros_auv_v1_sub_l1_bebot_cpp/share/ros_auv_v1_sub_l1_bebot_cpp/hook/cmake_prefix_path.sh'
[9.102s] Level 1:colcon.colcon_core.environment:checking '/local/vol00/home/vpetrov/dev/crazyflie_opt/ros_auv_v1_sub_l1_bebot_cpp/install/ros_auv_v1_sub_l1_bebot_cpp/lib'
[9.102s] Level 1:colcon.colcon_core.shell:create_environment_hook('ros_auv_v1_sub_l1_bebot_cpp', 'ld_library_path_lib')
[9.102s] INFO:colcon.colcon_core.shell:Creating environment hook '/local/vol00/home/vpetrov/dev/crazyflie_opt/ros_auv_v1_sub_l1_bebot_cpp/install/ros_auv_v1_sub_l1_bebot_cpp/share/ros_auv_v1_sub_l1_bebot_cpp/hook/ld_library_path_lib.ps1'
[9.102s] INFO:colcon.colcon_core.shell:Creating environment descriptor '/local/vol00/home/vpetrov/dev/crazyflie_opt/ros_auv_v1_sub_l1_bebot_cpp/install/ros_auv_v1_sub_l1_bebot_cpp/share/ros_auv_v1_sub_l1_bebot_cpp/hook/ld_library_path_lib.dsv'
[9.103s] INFO:colcon.colcon_core.shell:Creating environment hook '/local/vol00/home/vpetrov/dev/crazyflie_opt/ros_auv_v1_sub_l1_bebot_cpp/install/ros_auv_v1_sub_l1_bebot_cpp/share/ros_auv_v1_sub_l1_bebot_cpp/hook/ld_library_path_lib.sh'
[9.103s] Level 1:colcon.colcon_core.environment:checking '/local/vol00/home/vpetrov/dev/crazyflie_opt/ros_auv_v1_sub_l1_bebot_cpp/install/ros_auv_v1_sub_l1_bebot_cpp/bin'
[9.103s] Level 1:colcon.colcon_core.environment:checking '/local/vol00/home/vpetrov/dev/crazyflie_opt/ros_auv_v1_sub_l1_bebot_cpp/install/ros_auv_v1_sub_l1_bebot_cpp/lib/pkgconfig/ros_auv_v1_sub_l1_bebot_cpp.pc'
[9.103s] Level 1:colcon.colcon_core.environment:checking '/local/vol00/home/vpetrov/dev/crazyflie_opt/ros_auv_v1_sub_l1_bebot_cpp/install/ros_auv_v1_sub_l1_bebot_cpp/lib/python3.8/site-packages'
[9.103s] Level 1:colcon.colcon_core.shell:create_environment_hook('ros_auv_v1_sub_l1_bebot_cpp', 'pythonpath')
[9.103s] INFO:colcon.colcon_core.shell:Creating environment hook '/local/vol00/home/vpetrov/dev/crazyflie_opt/ros_auv_v1_sub_l1_bebot_cpp/install/ros_auv_v1_sub_l1_bebot_cpp/share/ros_auv_v1_sub_l1_bebot_cpp/hook/pythonpath.ps1'
[9.104s] INFO:colcon.colcon_core.shell:Creating environment descriptor '/local/vol00/home/vpetrov/dev/crazyflie_opt/ros_auv_v1_sub_l1_bebot_cpp/install/ros_auv_v1_sub_l1_bebot_cpp/share/ros_auv_v1_sub_l1_bebot_cpp/hook/pythonpath.dsv'
[9.104s] INFO:colcon.colcon_core.shell:Creating environment hook '/local/vol00/home/vpetrov/dev/crazyflie_opt/ros_auv_v1_sub_l1_bebot_cpp/install/ros_auv_v1_sub_l1_bebot_cpp/share/ros_auv_v1_sub_l1_bebot_cpp/hook/pythonpath.sh'
[9.104s] Level 1:colcon.colcon_core.environment:checking '/local/vol00/home/vpetrov/dev/crazyflie_opt/ros_auv_v1_sub_l1_bebot_cpp/install/ros_auv_v1_sub_l1_bebot_cpp/bin'
[9.104s] INFO:colcon.colcon_core.shell:Creating package script '/local/vol00/home/vpetrov/dev/crazyflie_opt/ros_auv_v1_sub_l1_bebot_cpp/install/ros_auv_v1_sub_l1_bebot_cpp/share/ros_auv_v1_sub_l1_bebot_cpp/package.ps1'
[9.105s] INFO:colcon.colcon_core.shell:Creating package descriptor '/local/vol00/home/vpetrov/dev/crazyflie_opt/ros_auv_v1_sub_l1_bebot_cpp/install/ros_auv_v1_sub_l1_bebot_cpp/share/ros_auv_v1_sub_l1_bebot_cpp/package.dsv'
[9.106s] INFO:colcon.colcon_core.shell:Creating package script '/local/vol00/home/vpetrov/dev/crazyflie_opt/ros_auv_v1_sub_l1_bebot_cpp/install/ros_auv_v1_sub_l1_bebot_cpp/share/ros_auv_v1_sub_l1_bebot_cpp/package.sh'
[9.106s] INFO:colcon.colcon_core.shell:Creating package script '/local/vol00/home/vpetrov/dev/crazyflie_opt/ros_auv_v1_sub_l1_bebot_cpp/install/ros_auv_v1_sub_l1_bebot_cpp/share/ros_auv_v1_sub_l1_bebot_cpp/package.bash'
[9.107s] INFO:colcon.colcon_core.shell:Creating package script '/local/vol00/home/vpetrov/dev/crazyflie_opt/ros_auv_v1_sub_l1_bebot_cpp/install/ros_auv_v1_sub_l1_bebot_cpp/share/ros_auv_v1_sub_l1_bebot_cpp/package.zsh'
[9.108s] Level 1:colcon.colcon_core.environment:create_file_with_runtime_dependencies(/local/vol00/home/vpetrov/dev/crazyflie_opt/ros_auv_v1_sub_l1_bebot_cpp/install/ros_auv_v1_sub_l1_bebot_cpp/share/colcon-core/packages/ros_auv_v1_sub_l1_bebot_cpp)
[9.236s] Level 1:colcon.colcon_core.environment:create_environment_scripts_only(ros_auv_v1_sub_l1_bebot_cpp)
[9.236s] Level 1:colcon.colcon_core.environment:checking '/local/vol00/home/vpetrov/dev/crazyflie_opt/ros_auv_v1_sub_l1_bebot_cpp/install/ros_auv_v1_sub_l1_bebot_cpp' for CMake module files
[9.240s] Level 1:colcon.colcon_core.environment:checking '/local/vol00/home/vpetrov/dev/crazyflie_opt/ros_auv_v1_sub_l1_bebot_cpp/install/ros_auv_v1_sub_l1_bebot_cpp' for CMake config files
[9.240s] Level 1:colcon.colcon_core.shell:create_environment_hook('ros_auv_v1_sub_l1_bebot_cpp', 'cmake_prefix_path')
[9.240s] INFO:colcon.colcon_core.shell:Creating environment hook '/local/vol00/home/vpetrov/dev/crazyflie_opt/ros_auv_v1_sub_l1_bebot_cpp/install/ros_auv_v1_sub_l1_bebot_cpp/share/ros_auv_v1_sub_l1_bebot_cpp/hook/cmake_prefix_path.ps1'
[9.241s] INFO:colcon.colcon_core.shell:Creating environment descriptor '/local/vol00/home/vpetrov/dev/crazyflie_opt/ros_auv_v1_sub_l1_bebot_cpp/install/ros_auv_v1_sub_l1_bebot_cpp/share/ros_auv_v1_sub_l1_bebot_cpp/hook/cmake_prefix_path.dsv'
[9.241s] INFO:colcon.colcon_core.shell:Creating environment hook '/local/vol00/home/vpetrov/dev/crazyflie_opt/ros_auv_v1_sub_l1_bebot_cpp/install/ros_auv_v1_sub_l1_bebot_cpp/share/ros_auv_v1_sub_l1_bebot_cpp/hook/cmake_prefix_path.sh'
[9.241s] Level 1:colcon.colcon_core.environment:checking '/local/vol00/home/vpetrov/dev/crazyflie_opt/ros_auv_v1_sub_l1_bebot_cpp/install/ros_auv_v1_sub_l1_bebot_cpp/lib'
[9.242s] Level 1:colcon.colcon_core.shell:create_environment_hook('ros_auv_v1_sub_l1_bebot_cpp', 'ld_library_path_lib')
[9.242s] INFO:colcon.colcon_core.shell:Creating environment hook '/local/vol00/home/vpetrov/dev/crazyflie_opt/ros_auv_v1_sub_l1_bebot_cpp/install/ros_auv_v1_sub_l1_bebot_cpp/share/ros_auv_v1_sub_l1_bebot_cpp/hook/ld_library_path_lib.ps1'
[9.242s] INFO:colcon.colcon_core.shell:Creating environment descriptor '/local/vol00/home/vpetrov/dev/crazyflie_opt/ros_auv_v1_sub_l1_bebot_cpp/install/ros_auv_v1_sub_l1_bebot_cpp/share/ros_auv_v1_sub_l1_bebot_cpp/hook/ld_library_path_lib.dsv'
[9.242s] INFO:colcon.colcon_core.shell:Creating environment hook '/local/vol00/home/vpetrov/dev/crazyflie_opt/ros_auv_v1_sub_l1_bebot_cpp/install/ros_auv_v1_sub_l1_bebot_cpp/share/ros_auv_v1_sub_l1_bebot_cpp/hook/ld_library_path_lib.sh'
[9.242s] Level 1:colcon.colcon_core.environment:checking '/local/vol00/home/vpetrov/dev/crazyflie_opt/ros_auv_v1_sub_l1_bebot_cpp/install/ros_auv_v1_sub_l1_bebot_cpp/bin'
[9.242s] Level 1:colcon.colcon_core.environment:checking '/local/vol00/home/vpetrov/dev/crazyflie_opt/ros_auv_v1_sub_l1_bebot_cpp/install/ros_auv_v1_sub_l1_bebot_cpp/lib/pkgconfig/ros_auv_v1_sub_l1_bebot_cpp.pc'
[9.243s] Level 1:colcon.colcon_core.environment:checking '/local/vol00/home/vpetrov/dev/crazyflie_opt/ros_auv_v1_sub_l1_bebot_cpp/install/ros_auv_v1_sub_l1_bebot_cpp/lib/python3.8/site-packages'
[9.243s] Level 1:colcon.colcon_core.shell:create_environment_hook('ros_auv_v1_sub_l1_bebot_cpp', 'pythonpath')
[9.243s] INFO:colcon.colcon_core.shell:Creating environment hook '/local/vol00/home/vpetrov/dev/crazyflie_opt/ros_auv_v1_sub_l1_bebot_cpp/install/ros_auv_v1_sub_l1_bebot_cpp/share/ros_auv_v1_sub_l1_bebot_cpp/hook/pythonpath.ps1'
[9.243s] INFO:colcon.colcon_core.shell:Creating environment descriptor '/local/vol00/home/vpetrov/dev/crazyflie_opt/ros_auv_v1_sub_l1_bebot_cpp/install/ros_auv_v1_sub_l1_bebot_cpp/share/ros_auv_v1_sub_l1_bebot_cpp/hook/pythonpath.dsv'
[9.243s] INFO:colcon.colcon_core.shell:Creating environment hook '/local/vol00/home/vpetrov/dev/crazyflie_opt/ros_auv_v1_sub_l1_bebot_cpp/install/ros_auv_v1_sub_l1_bebot_cpp/share/ros_auv_v1_sub_l1_bebot_cpp/hook/pythonpath.sh'
[9.254s] Level 1:colcon.colcon_core.environment:checking '/local/vol00/home/vpetrov/dev/crazyflie_opt/ros_auv_v1_sub_l1_bebot_cpp/install/ros_auv_v1_sub_l1_bebot_cpp/bin'
[9.255s] INFO:colcon.colcon_core.shell:Creating package script '/local/vol00/home/vpetrov/dev/crazyflie_opt/ros_auv_v1_sub_l1_bebot_cpp/install/ros_auv_v1_sub_l1_bebot_cpp/share/ros_auv_v1_sub_l1_bebot_cpp/package.ps1'
[9.255s] INFO:colcon.colcon_core.shell:Creating package descriptor '/local/vol00/home/vpetrov/dev/crazyflie_opt/ros_auv_v1_sub_l1_bebot_cpp/install/ros_auv_v1_sub_l1_bebot_cpp/share/ros_auv_v1_sub_l1_bebot_cpp/package.dsv'
[9.256s] INFO:colcon.colcon_core.shell:Creating package script '/local/vol00/home/vpetrov/dev/crazyflie_opt/ros_auv_v1_sub_l1_bebot_cpp/install/ros_auv_v1_sub_l1_bebot_cpp/share/ros_auv_v1_sub_l1_bebot_cpp/package.sh'
[9.256s] INFO:colcon.colcon_core.shell:Creating package script '/local/vol00/home/vpetrov/dev/crazyflie_opt/ros_auv_v1_sub_l1_bebot_cpp/install/ros_auv_v1_sub_l1_bebot_cpp/share/ros_auv_v1_sub_l1_bebot_cpp/package.bash'
[9.256s] INFO:colcon.colcon_core.shell:Creating package script '/local/vol00/home/vpetrov/dev/crazyflie_opt/ros_auv_v1_sub_l1_bebot_cpp/install/ros_auv_v1_sub_l1_bebot_cpp/share/ros_auv_v1_sub_l1_bebot_cpp/package.zsh'
[9.256s] Level 1:colcon.colcon_core.environment:create_file_with_runtime_dependencies(/local/vol00/home/vpetrov/dev/crazyflie_opt/ros_auv_v1_sub_l1_bebot_cpp/install/ros_auv_v1_sub_l1_bebot_cpp/share/colcon-core/packages/ros_auv_v1_sub_l1_bebot_cpp)
[9.257s] DEBUG:colcon.colcon_parallel_executor.executor.parallel:closing loop
[9.257s] DEBUG:colcon.colcon_parallel_executor.executor.parallel:loop closed
[9.257s] DEBUG:colcon.colcon_parallel_executor.executor.parallel:run_until_complete finished with '0'
[9.257s] DEBUG:colcon.colcon_core.event_reactor:joining thread
[9.264s] INFO:colcon.colcon_core.plugin_system:Skipping extension 'colcon_notification.desktop_notification.terminal_notifier': Not used on non-Darwin systems
[9.264s] INFO:colcon.colcon_core.plugin_system:Skipping extension 'colcon_notification.desktop_notification.win32': Not used on non-Windows systems
[9.264s] INFO:colcon.colcon_notification.desktop_notification:Sending desktop notification using 'notify2'
[9.276s] DEBUG:colcon.colcon_core.event_reactor:joined thread
[9.277s] INFO:colcon.colcon_core.shell:Creating prefix script '/local/vol00/home/vpetrov/dev/crazyflie_opt/ros_auv_v1_sub_l1_bebot_cpp/install/local_setup.ps1'
[9.277s] INFO:colcon.colcon_core.shell:Creating prefix util module '/local/vol00/home/vpetrov/dev/crazyflie_opt/ros_auv_v1_sub_l1_bebot_cpp/install/_local_setup_util_ps1.py'
[9.279s] INFO:colcon.colcon_core.shell:Creating prefix chain script '/local/vol00/home/vpetrov/dev/crazyflie_opt/ros_auv_v1_sub_l1_bebot_cpp/install/setup.ps1'
[9.279s] INFO:colcon.colcon_core.shell:Creating prefix script '/local/vol00/home/vpetrov/dev/crazyflie_opt/ros_auv_v1_sub_l1_bebot_cpp/install/local_setup.sh'
[9.280s] INFO:colcon.colcon_core.shell:Creating prefix util module '/local/vol00/home/vpetrov/dev/crazyflie_opt/ros_auv_v1_sub_l1_bebot_cpp/install/_local_setup_util_sh.py'
[9.280s] INFO:colcon.colcon_core.shell:Creating prefix chain script '/local/vol00/home/vpetrov/dev/crazyflie_opt/ros_auv_v1_sub_l1_bebot_cpp/install/setup.sh'
[9.281s] INFO:colcon.colcon_core.shell:Creating prefix script '/local/vol00/home/vpetrov/dev/crazyflie_opt/ros_auv_v1_sub_l1_bebot_cpp/install/local_setup.bash'
[9.282s] INFO:colcon.colcon_core.shell:Creating prefix chain script '/local/vol00/home/vpetrov/dev/crazyflie_opt/ros_auv_v1_sub_l1_bebot_cpp/install/setup.bash'
[9.283s] INFO:colcon.colcon_core.shell:Creating prefix script '/local/vol00/home/vpetrov/dev/crazyflie_opt/ros_auv_v1_sub_l1_bebot_cpp/install/local_setup.zsh'
[9.283s] INFO:colcon.colcon_core.shell:Creating prefix chain script '/local/vol00/home/vpetrov/dev/crazyflie_opt/ros_auv_v1_sub_l1_bebot_cpp/install/setup.zsh'
